<?xml version="1.0" encoding="UTF-8" ?>
<testsuite errors="1" failures="0" hostname="gimdaeung-ui-MacBook-Pro.local" name="production.BMFC_PayAUTO.BMFC_Payment.TC_Pay004" skipped="0" tests="1" time="0.0" timestamp="2018-07-30T08:54:31">
  <properties>
[...]
</properties>
  <error message="production/BMFC_PayAUTO/BMFC_Payment/TC_Pay004 (wrong name: BMFC_Payment/TC_Pay004)" type="java.lang.NoClassDefFoundError">java.lang.NoClassDefFoundError: production/BMFC_PayAUTO/BMFC_Payment/TC_Pay004 (wrong name: BMFC_Payment/TC_Pay004)
	at java.lang.ClassLoader.defineClass1(Native Method)
	at java.lang.ClassLoader.defineClass(ClassLoader.java:763)
	at java.security.SecureClassLoader.defineClass(SecureClassLoader.java:142)
	at java.net.URLClassLoader.defineClass(URLClassLoader.java:467)
	at java.net.URLClassLoader.access$100(URLClassLoader.java:73)
	at java.net.URLClassLoader$1.run(URLClassLoader.java:368)
	at java.net.URLClassLoader$1.run(URLClassLoader.java:362)
	at java.security.AccessController.doPrivileged(Native Method)
	at java.net.URLClassLoader.findClass(URLClassLoader.java:361)
	at java.lang.ClassLoader.loadClass(ClassLoader.java:424)
	at sun.misc.Launcher$AppClassLoader.loadClass(Launcher.java:349)
	at java.lang.ClassLoader.loadClass(ClassLoader.java:357)
	at java.lang.Class.forName0(Native Method)
	at java.lang.Class.forName(Class.java:264)
</error>
  <system-out><![CDATA[]]></system-out>
  <system-err><![CDATA[]]></system-err>
</testsuite>
